Build started 2/20/2017 5:20:23 PM.
     1>Project "E:\stereo_seethrough_unity-master\RenderingPluginExample52_stereo_seethrough\RenderingPlugin\VisualStudio2013\RenderingPlugin.vcxproj" on node 2 (Build target(s)).
     1>FxCompile:
         C:\Program Files (x86)\Windows Kits\8.1\bin\x86\fxc.exe /nologo /E"PS" /T ps_4_0_level_9_1 /Fo "E:\stereo_seethrough_unity-master\RenderingPluginExample52_stereo_seethrough\RenderingPlugin\VisualStudio2013\x64\Release\SimplePixelShader.cso" ..\Shaders\SimplePixelShader.hlsl 
         compilation object save succeeded; see E:\stereo_seethrough_unity-master\RenderingPluginExample52_stereo_seethrough\RenderingPlugin\VisualStudio2013\x64\Release\SimplePixelShader.cso
         C:\Program Files (x86)\Windows Kits\8.1\bin\x86\fxc.exe /nologo /E"VS" /T vs_4_0_level_9_1 /Fo "E:\stereo_seethrough_unity-master\RenderingPluginExample52_stereo_seethrough\RenderingPlugin\VisualStudio2013\x64\Release\SimpleVertexShader.cso" ..\Shaders\SimpleVertexShader.hlsl 
         compilation object save succeeded; see E:\stereo_seethrough_unity-master\RenderingPluginExample52_stereo_seethrough\RenderingPlugin\VisualStudio2013\x64\Release\SimpleVertexShader.cso
       ClCompile:
         C:\Program Files (x86)\Microsoft Visual Studio 12.0\VC\bin\x86_amd64\CL.exe /c /IE:\opencv2_4_11\my_build_vs2013_x64\install\include /IE:\opencv2411\opencv\mybuild_VC11_64\install\include /I..\videoInput /Zi /nologo /W3 /WX- /O2 /Oi /GL /D WIN32 /D NDEBUG /D _WINDOWS /D _USRDLL /D RENDERINGPLUGIN_EXPORTS /D _WINDLL /D _UNICODE /D UNICODE /Gm- /EHsc /MD /GS /Gy /fp:precise /Zc:wchar_t /Zc:forScope /Fo"x64\Release\\" /Fd"x64\Release\vc120.pdb" /Gd /TP /errorReport:prompt ..\RenderingPlugin.cpp ..\VideoCap.cpp
         RenderingPlugin.cpp
         VideoCap.cpp
       Link:
         C:\Program Files (x86)\Microsoft Visual Studio 12.0\VC\bin\x86_amd64\link.exe /ERRORREPORT:PROMPT /OUT:"E:\stereo_seethrough_unity-master\RenderingPluginExample52_stereo_seethrough\RenderingPlugin\VisualStudio2013\x64\Release\RenderingPlugin.dll" /INCREMENTAL:NO /NOLOGO /LIBPATH:E:\opencv2_4_11\my_build_vs2013_x64\install\x64\vc12\lib /LIBPATH:E:\opencv2411\opencv\mybuild_VC11_64\install\x64\vc11\lib /LIBPATH:..\videoInput opengl32.lib opencv_calib3d2411.lib opencv_core2411.lib opencv_features2d2411.lib opencv_flann2411.lib opencv_highgui2411.lib opencv_imgproc2411.lib opencv_ml2411.lib opencv_objdetect2411.lib opencv_photo2411.lib opencv_stitching2411.lib opencv_superres2411.lib opencv_ts2411.lib opencv_video2411.lib opencv_videostab2411.lib opencv_calib3d2411.lib opencv_core2411.lib opencv_features2d2411.lib opencv_flann2411.lib opencv_highgui2411.lib opencv_imgproc2411.lib opencv_ml2411.lib opencv_objdetect2411.lib opencv_photo2411.lib opencv_stitching2411.lib opencv_superres2411.lib opencv_ts2411.lib opencv_video2411.lib opencv_videostab2411.lib videoInput.lib kernel32.lib user32.lib gdi32.lib winspool.lib comdlg32.lib advapi32.lib shell32.lib ole32.lib oleaut32.lib uuid.lib odbc32.lib odbccp32.lib /DEF:"..\RenderingPlugin.def" /MANIFEST /MANIFESTUAC:"level='asInvoker' uiAccess='false'" /manifest:embed /DEBUG /PDB:"E:\stereo_seethrough_unity-master\RenderingPluginExample52_stereo_seethrough\RenderingPlugin\VisualStudio2013\x64\Release\RenderingPlugin.pdb" /SUBSYSTEM:WINDOWS /OPT:REF /OPT:ICF /LTCG /TLBID:1 /DYNAMICBASE /NXCOMPAT /IMPLIB:"E:\stereo_seethrough_unity-master\RenderingPluginExample52_stereo_seethrough\RenderingPlugin\VisualStudio2013\x64\Release\RenderingPlugin.lib" /MACHINE:X64 /DLL x64\Release\RenderingPlugin.obj
         x64\Release\VideoCap.obj
     1>RenderingPlugin.obj : warning LNK4197: export 'GetRenderEventFunc' specified multiple times; using first specification
     1>RenderingPlugin.obj : warning LNK4197: export 'UnityPluginUnload' specified multiple times; using first specification
     1>RenderingPlugin.obj : warning LNK4197: export 'UnityPluginLoad' specified multiple times; using first specification
     1>RenderingPlugin.obj : warning LNK4197: export 'SetUnityStreamingAssetsPath' specified multiple times; using first specification
     1>RenderingPlugin.obj : warning LNK4197: export 'SetTextureFromUnity' specified multiple times; using first specification
     1>RenderingPlugin.obj : warning LNK4197: export 'SetTimeFromUnity' specified multiple times; using first specification
            Creating library E:\stereo_seethrough_unity-master\RenderingPluginExample52_stereo_seethrough\RenderingPlugin\VisualStudio2013\x64\Release\RenderingPlugin.lib and object E:\stereo_seethrough_unity-master\RenderingPluginExample52_stereo_seethrough\RenderingPlugin\VisualStudio2013\x64\Release\RenderingPlugin.exp
         Generating code
         Finished generating code
     1>videoInput.lib(videoInput.obj) : warning LNK4204: 'E:\stereo_seethrough_unity-master\RenderingPluginExample52_stereo_seethrough\RenderingPlugin\VisualStudio2013\x64\Release\vc120.pdb' is missing debugging information for referencing module; linking object as if no debug info
         RenderingPlugin.vcxproj -> E:\stereo_seethrough_unity-master\RenderingPluginExample52_stereo_seethrough\RenderingPlugin\VisualStudio2013\x64\Release\RenderingPlugin.dll
       PostBuildEvent:
         SETLOCAL
         
         if "x64" == "x86" (
           set TARGET_PLUGIN_PATH=E:\stereo_seethrough_unity-master\RenderingPluginExample52_stereo_seethrough\RenderingPlugin\VisualStudio2013\..\..\UnityProject\Assets\Plugins\x86
         ) else (
           set TARGET_PLUGIN_PATH=E:\stereo_seethrough_unity-master\RenderingPluginExample52_stereo_seethrough\RenderingPlugin\VisualStudio2013\..\..\UnityProject\Assets\Plugins\x86_64
         )
         
         set TARGET_SHADER_PATH=E:\stereo_seethrough_unity-master\RenderingPluginExample52_stereo_seethrough\RenderingPlugin\VisualStudio2013\..\..\UnityProject\Assets\StreamingAssets\Shaders\DX11_9_1\
         
         echo Target Plugin Path is %TARGET_PLUGIN_PATH%
         echo Target Shader Path is %TARGET_SHADER_PATH%
         
         copy /Y "E:\stereo_seethrough_unity-master\RenderingPluginExample52_stereo_seethrough\RenderingPlugin\VisualStudio2013\x64\Release\RenderingPlugin.dll" "%TARGET_PLUGIN_PATH%\RenderingPlugin.dll"
         copy /Y "E:\stereo_seethrough_unity-master\RenderingPluginExample52_stereo_seethrough\RenderingPlugin\VisualStudio2013\x64\Release\SimpleVertexShader.cso" "%TARGET_SHADER_PATH%SimpleVertexShader.cso"
         copy /Y "E:\stereo_seethrough_unity-master\RenderingPluginExample52_stereo_seethrough\RenderingPlugin\VisualStudio2013\x64\Release\SimplePixelShader.cso" "%TARGET_SHADER_PATH%SimplePixelShader.cso"
         
         
         ENDLOCAL
         
         :VCEnd
         Target Plugin Path is E:\stereo_seethrough_unity-master\RenderingPluginExample52_stereo_seethrough\RenderingPlugin\VisualStudio2013\..\..\UnityProject\Assets\Plugins\x86_64
         Target Shader Path is E:\stereo_seethrough_unity-master\RenderingPluginExample52_stereo_seethrough\RenderingPlugin\VisualStudio2013\..\..\UnityProject\Assets\StreamingAssets\Shaders\DX11_9_1\
         已复制         1 个文件。
         已复制         1 个文件。
         已复制         1 个文件。
     1>Done Building Project "E:\stereo_seethrough_unity-master\RenderingPluginExample52_stereo_seethrough\RenderingPlugin\VisualStudio2013\RenderingPlugin.vcxproj" (Build target(s)).

Build succeeded.

Time Elapsed 00:00:05.68
